android/app/build/intermediates/manifest_merge_blame_file/release/manifest-merger-blame-release-report.txt
1<?xml version="1.0" encoding="utf-8"?>
2<manifest xmlns:android="http://schemas.android.com/apk/res/android"
3    package="com.approcket.theepa"
4    android:versionCode="7"
5    android:versionName="1.0.1.5" >
6
7    <uses-sdk
8        android:minSdkVersion="21"
8-->src\main\AndroidManifest.xml
9        android:targetSdkVersion="33" />
9-->src\main\AndroidManifest.xml
10
11    <uses-permission android:name="android.permission.INTERNET" />
11-->src\main\AndroidManifest.xml:3:5-67
11-->src\main\AndroidManifest.xml:3:22-64
12    <uses-permission android:name="android.permission.READ_SMS" />
12-->src\main\AndroidManifest.xml:4:5-67
12-->src\main\AndroidManifest.xml:4:22-64
13    <uses-permission android:name="android.permission.RECEIVE_SMS" />
13-->src\main\AndroidManifest.xml:5:5-70
13-->src\main\AndroidManifest.xml:5:22-67
14    <uses-permission android:name="android.permission.CAMERA" />
14-->src\main\AndroidManifest.xml:6:5-64
14-->src\main\AndroidManifest.xml:6:22-62
15    <uses-permission android:name="android.permission.VIBRATE" />
15-->src\main\AndroidManifest.xml:7:5-66
15-->src\main\AndroidManifest.xml:7:22-63
16    <uses-permission android:name="android.permission.RECEIVE_BOOT_COMPLETED" />
16-->src\main\AndroidManifest.xml:8:5-80
16-->src\main\AndroidManifest.xml:8:22-78
17    <uses-permission android:name="android.permission.SYSTEM_ALERT_WINDOW" />
17-->src\main\AndroidManifest.xml:9:5-77
17-->src\main\AndroidManifest.xml:9:22-75
18
19    <uses-feature
19-->src\main\AndroidManifest.xml:10:5-85
20        android:name="android.hardware.camera"
20-->src\main\AndroidManifest.xml:10:19-57
21        android:required="false" />
21-->src\main\AndroidManifest.xml:10:58-82
22    <uses-feature
22-->src\main\AndroidManifest.xml:11:5-91
23        android:name="android.hardware.camera.front"
23-->src\main\AndroidManifest.xml:11:19-63
24        android:required="false" />
24-->src\main\AndroidManifest.xml:11:64-88
25
26    <uses-permission android:name="android.permission.WRITE_EXTERNAL_STORAGE" />
26-->[:react-native-fs] AndroidManifest.xml:9:5-81
26-->[:react-native-fs] AndroidManifest.xml:9:22-78
27    <uses-permission android:name="android.permission.ACCESS_NETWORK_STATE" />
27-->[:react-native-firebase_analytics] AndroidManifest.xml:9:5-79
27-->[:react-native-firebase_analytics] AndroidManifest.xml:9:22-76
28    <uses-permission android:name="android.permission.WAKE_LOCK" />
28-->[:react-native-firebase_analytics] AndroidManifest.xml:11:5-68
28-->[:react-native-firebase_analytics] AndroidManifest.xml:11:22-65
29
30    <queries>
30-->[:react-native-image-crop-picker] AndroidManifest.xml:9:5-13:15
31        <intent>
31-->[:react-native-image-crop-picker] AndroidManifest.xml:10:9-12:18
32            <action android:name="android.media.action.IMAGE_CAPTURE" />
32-->[:react-native-image-crop-picker] AndroidManifest.xml:11:13-73
32-->[:react-native-image-crop-picker] AndroidManifest.xml:11:21-70
33        </intent>
34
35        <package android:name="com.facebook.katana" />
35-->[com.facebook.android:facebook-common:15.2.0] AndroidManifest.xml:18:9-55
35-->[com.facebook.android:facebook-common:15.2.0] AndroidManifest.xml:18:18-52
36    </queries> <!-- Required by older versions of Google Play services to create IID tokens -->
37    <uses-permission android:name="com.google.android.c2dm.permission.RECEIVE" />
37-->[com.google.android.gms:play-services-iid:17.0.0] AndroidManifest.xml:23:5-82
37-->[com.google.android.gms:play-services-iid:17.0.0] AndroidManifest.xml:23:22-79
38    <uses-permission android:name="android.permission.POST_NOTIFICATIONS" />
38-->[com.google.firebase:firebase-messaging:23.1.2] AndroidManifest.xml:25:5-77
38-->[com.google.firebase:firebase-messaging:23.1.2] AndroidManifest.xml:25:22-74
39    <uses-permission android:name="com.google.android.gms.permission.AD_ID" />
39-->[com.google.android.gms:play-services-measurement-api:21.2.1] AndroidManifest.xml:25:5-79
39-->[com.google.android.gms:play-services-measurement-api:21.2.1] AndroidManifest.xml:25:22-76
40    <uses-permission android:name="com.google.android.finsky.permission.BIND_GET_INSTALL_REFERRER_SERVICE" /> <!-- for android -->
40-->[com.google.android.gms:play-services-measurement:21.2.1] AndroidManifest.xml:26:5-110
40-->[com.google.android.gms:play-services-measurement:21.2.1] AndroidManifest.xml:26:22-107
41    <!-- <uses-permission android:name="com.android.launcher.permission.READ_SETTINGS"/> -->
42    <!-- <uses-permission android:name="com.android.launcher.permission.WRITE_SETTINGS"/> -->
43    <!-- <uses-permission android:name="com.android.launcher.permission.INSTALL_SHORTCUT" /> -->
44    <!-- <uses-permission android:name="com.android.launcher.permission.UNINSTALL_SHORTCUT" /> -->
45    <!-- for Samsung -->
46    <uses-permission android:name="com.sec.android.provider.badge.permission.READ" />
46-->[me.leolin:ShortcutBadger:1.1.22] AndroidManifest.xml:19:5-86
46-->[me.leolin:ShortcutBadger:1.1.22] AndroidManifest.xml:19:22-83
47    <uses-permission android:name="com.sec.android.provider.badge.permission.WRITE" /> <!-- for htc -->
47-->[me.leolin:ShortcutBadger:1.1.22] AndroidManifest.xml:20:5-87
47-->[me.leolin:ShortcutBadger:1.1.22] AndroidManifest.xml:20:22-84
48    <uses-permission android:name="com.htc.launcher.permission.READ_SETTINGS" />
48-->[me.leolin:ShortcutBadger:1.1.22] AndroidManifest.xml:23:5-81
48-->[me.leolin:ShortcutBadger:1.1.22] AndroidManifest.xml:23:22-78
49    <uses-permission android:name="com.htc.launcher.permission.UPDATE_SHORTCUT" /> <!-- for sony -->
49-->[me.leolin:ShortcutBadger:1.1.22] AndroidManifest.xml:24:5-83
49-->[me.leolin:ShortcutBadger:1.1.22] AndroidManifest.xml:24:22-80
50    <uses-permission android:name="com.sonyericsson.home.permission.BROADCAST_BADGE" />
50-->[me.leolin:ShortcutBadger:1.1.22] AndroidManifest.xml:27:5-88
50-->[me.leolin:ShortcutBadger:1.1.22] AndroidManifest.xml:27:22-85
51    <uses-permission android:name="com.sonymobile.home.permission.PROVIDER_INSERT_BADGE" /> <!-- for apex -->
51-->[me.leolin:ShortcutBadger:1.1.22] AndroidManifest.xml:28:5-92
51-->[me.leolin:ShortcutBadger:1.1.22] AndroidManifest.xml:28:22-89
52    <uses-permission android:name="com.anddoes.launcher.permission.UPDATE_COUNT" /> <!-- for solid -->
52-->[me.leolin:ShortcutBadger:1.1.22] AndroidManifest.xml:31:5-84
52-->[me.leolin:ShortcutBadger:1.1.22] AndroidManifest.xml:31:22-81
53    <uses-permission android:name="com.majeur.launcher.permission.UPDATE_BADGE" /> <!-- for huawei -->
53-->[me.leolin:ShortcutBadger:1.1.22] AndroidManifest.xml:34:5-83
53-->[me.leolin:ShortcutBadger:1.1.22] AndroidManifest.xml:34:22-80
54    <uses-permission android:name="com.huawei.android.launcher.permission.CHANGE_BADGE" />
54-->[me.leolin:ShortcutBadger:1.1.22] AndroidManifest.xml:37:5-91
54-->[me.leolin:ShortcutBadger:1.1.22] AndroidManifest.xml:37:22-88
55    <uses-permission android:name="com.huawei.android.launcher.permission.READ_SETTINGS" />
55-->[me.leolin:ShortcutBadger:1.1.22] AndroidManifest.xml:38:5-92
55-->[me.leolin:ShortcutBadger:1.1.22] AndroidManifest.xml:38:22-89
56    <uses-permission android:name="com.huawei.android.launcher.permission.WRITE_SETTINGS" /> <!-- for ZUK -->
56-->[me.leolin:ShortcutBadger:1.1.22] AndroidManifest.xml:39:5-93
56-->[me.leolin:ShortcutBadger:1.1.22] AndroidManifest.xml:39:22-90
57    <uses-permission android:name="android.permission.READ_APP_BADGE" /> <!-- for OPPO -->
57-->[me.leolin:ShortcutBadger:1.1.22] AndroidManifest.xml:42:5-73
57-->[me.leolin:ShortcutBadger:1.1.22] AndroidManifest.xml:42:22-70
58    <uses-permission android:name="com.oppo.launcher.permission.READ_SETTINGS" />
58-->[me.leolin:ShortcutBadger:1.1.22] AndroidManifest.xml:45:5-82
58-->[me.leolin:ShortcutBadger:1.1.22] AndroidManifest.xml:45:22-79
59    <uses-permission android:name="com.oppo.launcher.permission.WRITE_SETTINGS" /> <!-- for EvMe -->
59-->[me.leolin:ShortcutBadger:1.1.22] AndroidManifest.xml:46:5-83
59-->[me.leolin:ShortcutBadger:1.1.22] AndroidManifest.xml:46:22-80
60    <uses-permission android:name="me.everything.badger.permission.BADGE_COUNT_READ" />
60-->[me.leolin:ShortcutBadger:1.1.22] AndroidManifest.xml:49:5-88
60-->[me.leolin:ShortcutBadger:1.1.22] AndroidManifest.xml:49:22-85
61    <uses-permission android:name="me.everything.badger.permission.BADGE_COUNT_WRITE" />
61-->[me.leolin:ShortcutBadger:1.1.22] AndroidManifest.xml:50:5-89
61-->[me.leolin:ShortcutBadger:1.1.22] AndroidManifest.xml:50:22-86
62
63    <application
63-->src\main\AndroidManifest.xml:15:5-57:19
64        android:name="com.approcket.theepa.MainApplication"
64-->src\main\AndroidManifest.xml:16:7-38
65        android:allowBackup="false"
65-->src\main\AndroidManifest.xml:21:7-34
66        android:appComponentFactory="androidx.core.app.CoreComponentFactory"
66-->[androidx.core:core:1.7.0] AndroidManifest.xml:24:18-86
67        android:icon="@mipmap/ic_launcher"
67-->src\main\AndroidManifest.xml:18:7-41
68        android:label="@string/app_name"
68-->src\main\AndroidManifest.xml:17:7-39
69        android:roundIcon="@mipmap/ic_launcher_round"
69-->src\main\AndroidManifest.xml:20:7-52
70        android:supportsRtl="true"
70-->[com.facebook.android:facebook-android-sdk:15.2.0] AndroidManifest.xml:16:18-44
71        android:theme="@style/AppTheme"
71-->src\main\AndroidManifest.xml:22:7-38
72        android:usesCleartextTraffic="true" >
72-->src\main\AndroidManifest.xml:19:7-42
73        <meta-data
73-->src\main\AndroidManifest.xml:23:7-24:44
74            android:name="com.dieam.reactnativepushnotification.notification_foreground"
74-->src\main\AndroidManifest.xml:23:19-95
75            android:value="false" />
75-->src\main\AndroidManifest.xml:24:21-42
76        <meta-data
76-->src\main\AndroidManifest.xml:25:7-26:54
77            android:name="com.dieam.reactnativepushnotification.notification_color"
77-->src\main\AndroidManifest.xml:25:19-90
78            android:resource="@color/white" />
78-->src\main\AndroidManifest.xml:26:21-52
79
80        <receiver
80-->src\main\AndroidManifest.xml:27:9-134
81            android:name="com.dieam.reactnativepushnotification.modules.RNPushNotificationActions"
81-->src\main\AndroidManifest.xml:27:45-131
82            android:exported="false" />
82-->src\main\AndroidManifest.xml:27:20-44
83        <receiver
83-->src\main\AndroidManifest.xml:28:9-136
84            android:name="com.dieam.reactnativepushnotification.modules.RNPushNotificationPublisher"
84-->src\main\AndroidManifest.xml:28:45-133
85            android:exported="false" />
85-->src\main\AndroidManifest.xml:28:20-44
86        <receiver
86-->src\main\AndroidManifest.xml:29:9-35:20
87            android:name="com.dieam.reactnativepushnotification.modules.RNPushNotificationBootEventReceiver"
87-->src\main\AndroidManifest.xml:29:45-141
88            android:exported="false" >
88-->src\main\AndroidManifest.xml:29:20-44
89            <intent-filter>
89-->src\main\AndroidManifest.xml:30:11-34:29
90                <action android:name="android.intent.action.BOOT_COMPLETED" />
90-->src\main\AndroidManifest.xml:31:17-79
90-->src\main\AndroidManifest.xml:31:25-76
91                <action android:name="android.intent.action.QUICKBOOT_POWERON" />
91-->src\main\AndroidManifest.xml:32:17-82
91-->src\main\AndroidManifest.xml:32:25-79
92                <action android:name="com.htc.intent.action.QUICKBOOT_POWERON" />
92-->src\main\AndroidManifest.xml:33:17-81
92-->src\main\AndroidManifest.xml:33:25-79
93            </intent-filter>
94        </receiver>
95
96        <service
96-->src\main\AndroidManifest.xml:36:9-42:19
97            android:name="com.dieam.reactnativepushnotification.modules.RNPushNotificationListenerService"
97-->src\main\AndroidManifest.xml:37:13-107
98            android:exported="false" >
98-->src\main\AndroidManifest.xml:38:13-37
99            <intent-filter>
99-->src\main\AndroidManifest.xml:39:13-41:29
100                <action android:name="com.google.firebase.MESSAGING_EVENT" />
100-->src\main\AndroidManifest.xml:40:17-78
100-->src\main\AndroidManifest.xml:40:25-75
101            </intent-filter>
102        </service>
103
104        <meta-data
104-->src\main\AndroidManifest.xml:43:7-105
105            android:name="com.facebook.sdk.ApplicationId"
105-->src\main\AndroidManifest.xml:43:18-63
106            android:value="@string/facebook_app_id" />
106-->src\main\AndroidManifest.xml:43:64-103
107        <meta-data
107-->src\main\AndroidManifest.xml:44:5-107
108            android:name="com.facebook.sdk.ClientToken"
108-->src\main\AndroidManifest.xml:44:16-59
109            android:value="@string/facebook_client_token" />
109-->src\main\AndroidManifest.xml:44:60-105
110
111        <activity
111-->src\main\AndroidManifest.xml:45:7-56:18
112            android:name="com.approcket.theepa.MainActivity"
112-->src\main\AndroidManifest.xml:46:9-37
113            android:configChanges="keyboard|keyboardHidden|orientation|screenLayout|screenSize|smallestScreenSize|uiMode"
113-->src\main\AndroidManifest.xml:48:9-118
114            android:exported="true"
114-->src\main\AndroidManifest.xml:51:9-32
115            android:label="@string/app_name"
115-->src\main\AndroidManifest.xml:47:9-41
116            android:launchMode="singleTask"
116-->src\main\AndroidManifest.xml:49:9-40
117            android:windowSoftInputMode="adjustResize" >
117-->src\main\AndroidManifest.xml:50:9-51
118            <intent-filter>
118-->src\main\AndroidManifest.xml:52:9-55:25
119                <action android:name="android.intent.action.MAIN" />
119-->src\main\AndroidManifest.xml:53:13-65
119-->src\main\AndroidManifest.xml:53:21-62
120
121                <category android:name="android.intent.category.LAUNCHER" />
121-->src\main\AndroidManifest.xml:54:13-73
121-->src\main\AndroidManifest.xml:54:23-70
122            </intent-filter>
123        </activity>
124
125        <provider
125-->[:react-native-share] AndroidManifest.xml:10:9-18:20
126            android:name="cl.json.RNShareFileProvider"
126-->[:react-native-share] AndroidManifest.xml:11:13-55
127            android:authorities="com.approcket.theepa.rnshare.fileprovider"
127-->[:react-native-share] AndroidManifest.xml:12:13-72
128            android:exported="false"
128-->[:react-native-share] AndroidManifest.xml:13:13-37
129            android:grantUriPermissions="true" >
129-->[:react-native-share] AndroidManifest.xml:14:13-47
130            <meta-data
130-->[:react-native-share] AndroidManifest.xml:15:13-17:64
131                android:name="android.support.FILE_PROVIDER_PATHS"
131-->[:react-native-share] AndroidManifest.xml:16:17-67
132                android:resource="@xml/share_download_paths" />
132-->[:react-native-share] AndroidManifest.xml:17:17-61
133        </provider>
134
135        <activity android:name="com.facebook.react.devsupport.DevSettingsActivity" />
135-->[:react-native-code-push] AndroidManifest.xml:12:9-86
135-->[:react-native-code-push] AndroidManifest.xml:12:19-83
136
137        <meta-data
137-->[:react-native-firebase_analytics] AndroidManifest.xml:14:9-16:36
138            android:name="firebase_analytics_collection_enabled"
138-->[:react-native-firebase_analytics] AndroidManifest.xml:15:13-65
139            android:value="true" />
139-->[:react-native-firebase_analytics] AndroidManifest.xml:16:13-33
140        <meta-data
140-->[:react-native-firebase_analytics] AndroidManifest.xml:17:9-19:37
141            android:name="firebase_analytics_collection_deactivated"
141-->[:react-native-firebase_analytics] AndroidManifest.xml:18:13-69
142            android:value="false" />
142-->[:react-native-firebase_analytics] AndroidManifest.xml:19:13-34
143        <meta-data
143-->[:react-native-firebase_analytics] AndroidManifest.xml:20:9-22:36
144            android:name="google_analytics_adid_collection_enabled"
144-->[:react-native-firebase_analytics] AndroidManifest.xml:21:13-68
145            android:value="true" />
145-->[:react-native-firebase_analytics] AndroidManifest.xml:22:13-33
146        <meta-data
146-->[:react-native-firebase_analytics] AndroidManifest.xml:23:9-25:36
147            android:name="google_analytics_ssaid_collection_enabled"
147-->[:react-native-firebase_analytics] AndroidManifest.xml:24:13-69
148            android:value="true" />
148-->[:react-native-firebase_analytics] AndroidManifest.xml:25:13-33
149        <meta-data
149-->[:react-native-firebase_analytics] AndroidManifest.xml:26:9-28:36
150            android:name="google_analytics_default_allow_ad_personalization_signals"
150-->[:react-native-firebase_analytics] AndroidManifest.xml:27:13-85
151            android:value="true" />
151-->[:react-native-firebase_analytics] AndroidManifest.xml:28:13-33
152        <meta-data
152-->[:react-native-firebase_analytics] AndroidManifest.xml:29:9-31:36
153            android:name="google_analytics_automatic_screen_reporting_enabled"
153-->[:react-native-firebase_analytics] AndroidManifest.xml:30:13-79
154            android:value="true" /> <!-- Disable crashlytics by default so we can custom init with CrashlyticsNdk support -->
154-->[:react-native-firebase_analytics] AndroidManifest.xml:31:13-33
155        <meta-data
155-->[:react-native-firebase_crashlytics] AndroidManifest.xml:12:9-14:37
156            android:name="firebase_crashlytics_collection_enabled"
156-->[:react-native-firebase_crashlytics] AndroidManifest.xml:13:13-67
157            android:value="false" />
157-->[:react-native-firebase_crashlytics] AndroidManifest.xml:14:13-34
158
159        <provider
159-->[:react-native-firebase_crashlytics] AndroidManifest.xml:16:9-20:38
160            android:name="io.invertase.firebase.crashlytics.ReactNativeFirebaseCrashlyticsInitProvider"
160-->[:react-native-firebase_crashlytics] AndroidManifest.xml:17:13-104
161            android:authorities="com.approcket.theepa.reactnativefirebasecrashlyticsinitprovider"
161-->[:react-native-firebase_crashlytics] AndroidManifest.xml:18:13-94
162            android:exported="false"
162-->[:react-native-firebase_crashlytics] AndroidManifest.xml:19:13-37
163            android:initOrder="98" />
163-->[:react-native-firebase_crashlytics] AndroidManifest.xml:20:13-35
164
165        <meta-data
165-->[:react-native-firebase_app] AndroidManifest.xml:11:9-13:36
166            android:name="app_data_collection_default_enabled"
166-->[:react-native-firebase_app] AndroidManifest.xml:12:13-63
167            android:value="true" />
167-->[:react-native-firebase_app] AndroidManifest.xml:13:13-33
168
169        <service
169-->[:react-native-firebase_app] AndroidManifest.xml:15:9-23:19
170            android:name="com.google.firebase.components.ComponentDiscoveryService"
170-->[:react-native-firebase_app] AndroidManifest.xml:16:13-84
171            android:directBootAware="true"
171-->[:react-native-firebase_app] AndroidManifest.xml:17:13-43
172            android:exported="false" >
172-->[:react-native-firebase_app] AndroidManifest.xml:18:13-37
173            <meta-data
173-->[:react-native-firebase_app] AndroidManifest.xml:20:13-22:85
174                android:name="com.google.firebase.components:io.invertase.firebase.app.ReactNativeFirebaseAppRegistrar"
174-->[:react-native-firebase_app] AndroidManifest.xml:21:17-120
175                android:value="com.google.firebase.components.ComponentRegistrar" />
175-->[:react-native-firebase_app] AndroidManifest.xml:22:17-82
176            <meta-data
176-->[com.google.firebase:firebase-auth:21.2.0] AndroidManifest.xml:69:13-71:85
177                android:name="com.google.firebase.components:com.google.firebase.auth.FirebaseAuthRegistrar"
177-->[com.google.firebase:firebase-auth:21.2.0] AndroidManifest.xml:70:17-109
178                android:value="com.google.firebase.components.ComponentRegistrar" />
178-->[com.google.firebase:firebase-auth:21.2.0] AndroidManifest.xml:71:17-82
179            <meta-data
179-->[com.google.firebase:firebase-messaging:23.1.2] AndroidManifest.xml:55:13-57:85
180                android:name="com.google.firebase.components:com.google.firebase.messaging.FirebaseMessagingRegistrar"
180-->[com.google.firebase:firebase-messaging:23.1.2] AndroidManifest.xml:56:17-119
181                android:value="com.google.firebase.components.ComponentRegistrar" />
181-->[com.google.firebase:firebase-messaging:23.1.2] AndroidManifest.xml:57:17-82
182            <meta-data
182-->[com.google.firebase:firebase-crashlytics-ndk:18.3.6] AndroidManifest.xml:34:13-36:85
183                android:name="com.google.firebase.components:com.google.firebase.crashlytics.ndk.CrashlyticsNdkRegistrar"
183-->[com.google.firebase:firebase-crashlytics-ndk:18.3.6] AndroidManifest.xml:35:17-122
184                android:value="com.google.firebase.components.ComponentRegistrar" />
184-->[com.google.firebase:firebase-crashlytics-ndk:18.3.6] AndroidManifest.xml:36:17-82
185            <meta-data
185-->[com.google.firebase:firebase-crashlytics:18.3.6] AndroidManifest.xml:17:13-19:85
186                android:name="com.google.firebase.components:com.google.firebase.crashlytics.CrashlyticsRegistrar"
186-->[com.google.firebase:firebase-crashlytics:18.3.6] AndroidManifest.xml:18:17-115
187                android:value="com.google.firebase.components.ComponentRegistrar" />
187-->[com.google.firebase:firebase-crashlytics:18.3.6] AndroidManifest.xml:19:17-82
188            <meta-data
188-->[com.google.android.gms:play-services-measurement-api:21.2.1] AndroidManifest.xml:31:13-33:85
189                android:name="com.google.firebase.components:com.google.firebase.analytics.connector.internal.AnalyticsConnectorRegistrar"
189-->[com.google.android.gms:play-services-measurement-api:21.2.1] AndroidManifest.xml:32:17-139
190                android:value="com.google.firebase.components.ComponentRegistrar" />
190-->[com.google.android.gms:play-services-measurement-api:21.2.1] AndroidManifest.xml:33:17-82
191            <meta-data
191-->[com.google.firebase:firebase-datatransport:18.1.7] AndroidManifest.xml:27:13-29:85
192                android:name="com.google.firebase.components:com.google.firebase.datatransport.TransportRegistrar"
192-->[com.google.firebase:firebase-datatransport:18.1.7] AndroidManifest.xml:28:17-115
193                android:value="com.google.firebase.components.ComponentRegistrar" />
193-->[com.google.firebase:firebase-datatransport:18.1.7] AndroidManifest.xml:29:17-82
194            <meta-data
194-->[com.google.firebase:firebase-installations:17.1.3] AndroidManifest.xml:17:13-19:85
195                android:name="com.google.firebase.components:com.google.firebase.installations.FirebaseInstallationsRegistrar"
195-->[com.google.firebase:firebase-installations:17.1.3] AndroidManifest.xml:18:17-127
196                android:value="com.google.firebase.components.ComponentRegistrar" />
196-->[com.google.firebase:firebase-installations:17.1.3] AndroidManifest.xml:19:17-82
197        </service>
198
199        <provider
199-->[:react-native-firebase_app] AndroidManifest.xml:25:9-29:38
200            android:name="io.invertase.firebase.app.ReactNativeFirebaseAppInitProvider"
200-->[:react-native-firebase_app] AndroidManifest.xml:26:13-88
201            android:authorities="com.approcket.theepa.reactnativefirebaseappinitprovider"
201-->[:react-native-firebase_app] AndroidManifest.xml:27:13-86
202            android:exported="false"
202-->[:react-native-firebase_app] AndroidManifest.xml:28:13-37
203            android:initOrder="99" />
203-->[:react-native-firebase_app] AndroidManifest.xml:29:13-35
204        <provider
204-->[:react-native-image-crop-picker] AndroidManifest.xml:18:9-26:20
205            android:name="com.reactnative.ivpusic.imagepicker.IvpusicImagePickerFileProvider"
205-->[:react-native-image-crop-picker] AndroidManifest.xml:19:13-94
206            android:authorities="com.approcket.theepa.provider"
206-->[:react-native-image-crop-picker] AndroidManifest.xml:20:13-60
207            android:exported="false"
207-->[:react-native-image-crop-picker] AndroidManifest.xml:21:13-37
208            android:grantUriPermissions="true" >
208-->[:react-native-image-crop-picker] AndroidManifest.xml:22:13-47
209            <meta-data
209-->[:react-native-share] AndroidManifest.xml:15:13-17:64
210                android:name="android.support.FILE_PROVIDER_PATHS"
210-->[:react-native-share] AndroidManifest.xml:16:17-67
211                android:resource="@xml/ivpusic_imagepicker_provider_paths" />
211-->[:react-native-share] AndroidManifest.xml:17:17-61
212        </provider>
213
214        <activity
214-->[:react-native-image-crop-picker] AndroidManifest.xml:28:9-30:72
215            android:name="com.yalantis.ucrop.UCropActivity"
215-->[:react-native-image-crop-picker] AndroidManifest.xml:29:13-60
216            android:theme="@style/Theme.AppCompat.Light.NoActionBar" />
216-->[:react-native-image-crop-picker] AndroidManifest.xml:30:13-69
217        <activity
217-->[com.facebook.android:facebook-common:15.2.0] AndroidManifest.xml:22:9-25:66
218            android:name="com.facebook.FacebookActivity"
218-->[com.facebook.android:facebook-common:15.2.0] AndroidManifest.xml:23:13-57
219            android:configChanges="keyboard|keyboardHidden|screenLayout|screenSize|orientation"
219-->[com.facebook.android:facebook-common:15.2.0] AndroidManifest.xml:24:13-96
220            android:theme="@style/com_facebook_activity_theme" />
220-->[com.facebook.android:facebook-common:15.2.0] AndroidManifest.xml:25:13-63
221        <activity android:name="com.facebook.CustomTabMainActivity" />
221-->[com.facebook.android:facebook-common:15.2.0] AndroidManifest.xml:26:9-71
221-->[com.facebook.android:facebook-common:15.2.0] AndroidManifest.xml:26:19-68
222        <activity
222-->[com.facebook.android:facebook-common:15.2.0] AndroidManifest.xml:27:9-41:20
223            android:name="com.facebook.CustomTabActivity"
223-->[com.facebook.android:facebook-common:15.2.0] AndroidManifest.xml:28:13-58
224            android:exported="true" >
224-->[com.facebook.android:facebook-common:15.2.0] AndroidManifest.xml:29:13-36
225            <intent-filter>
225-->[com.facebook.android:facebook-common:15.2.0] AndroidManifest.xml:31:13-40:29
226                <action android:name="android.intent.action.VIEW" />
226-->[com.facebook.android:facebook-common:15.2.0] AndroidManifest.xml:32:17-69
226-->[com.facebook.android:facebook-common:15.2.0] AndroidManifest.xml:32:25-66
227
228                <category android:name="android.intent.category.DEFAULT" />
228-->[com.facebook.android:facebook-common:15.2.0] AndroidManifest.xml:34:17-76
228-->[com.facebook.android:facebook-common:15.2.0] AndroidManifest.xml:34:27-73
229                <category android:name="android.intent.category.BROWSABLE" />
229-->[com.facebook.android:facebook-common:15.2.0] AndroidManifest.xml:35:17-78
229-->[com.facebook.android:facebook-common:15.2.0] AndroidManifest.xml:35:27-75
230
231                <data
231-->[com.facebook.android:facebook-common:15.2.0] AndroidManifest.xml:37:17-39:50
232                    android:host="cct.com.approcket.theepa"
232-->[com.facebook.android:facebook-common:15.2.0] AndroidManifest.xml:38:21-56
233                    android:scheme="fbconnect" />
233-->[com.facebook.android:facebook-common:15.2.0] AndroidManifest.xml:39:21-47
234            </intent-filter>
235        </activity>
236        <activity
236-->[com.google.android.gms:play-services-auth:20.3.0] AndroidManifest.xml:23:9-27:75
237            android:name="com.google.android.gms.auth.api.signin.internal.SignInHubActivity"
237-->[com.google.android.gms:play-services-auth:20.3.0] AndroidManifest.xml:24:13-93
238            android:excludeFromRecents="true"
238-->[com.google.android.gms:play-services-auth:20.3.0] AndroidManifest.xml:25:13-46
239            android:exported="false"
239-->[com.google.android.gms:play-services-auth:20.3.0] AndroidManifest.xml:26:13-37
240            android:theme="@android:style/Theme.Translucent.NoTitleBar" />
240-->[com.google.android.gms:play-services-auth:20.3.0] AndroidManifest.xml:27:13-72
241        <!--
242            Service handling Google Sign-In user revocation. For apps that do not integrate with
243            Google Sign-In, this service will never be started.
244        -->
245        <service
245-->[com.google.android.gms:play-services-auth:20.3.0] AndroidManifest.xml:33:9-37:51
246            android:name="com.google.android.gms.auth.api.signin.RevocationBoundService"
246-->[com.google.android.gms:play-services-auth:20.3.0] AndroidManifest.xml:34:13-89
247            android:exported="true"
247-->[com.google.android.gms:play-services-auth:20.3.0] AndroidManifest.xml:35:13-36
248            android:permission="com.google.android.gms.auth.api.signin.permission.REVOCATION_NOTIFICATION"
248-->[com.google.android.gms:play-services-auth:20.3.0] AndroidManifest.xml:36:13-107
249            android:visibleToInstantApps="true" />
249-->[com.google.android.gms:play-services-auth:20.3.0] AndroidManifest.xml:37:13-48
250
251        <activity
251-->[com.google.firebase:firebase-auth:21.2.0] AndroidManifest.xml:29:9-46:20
252            android:name="com.google.firebase.auth.internal.GenericIdpActivity"
252-->[com.google.firebase:firebase-auth:21.2.0] AndroidManifest.xml:30:13-80
253            android:excludeFromRecents="true"
253-->[com.google.firebase:firebase-auth:21.2.0] AndroidManifest.xml:31:13-46
254            android:exported="true"
254-->[com.google.firebase:firebase-auth:21.2.0] AndroidManifest.xml:32:13-36
255            android:launchMode="singleTask"
255-->[com.google.firebase:firebase-auth:21.2.0] AndroidManifest.xml:33:13-44
256            android:theme="@android:style/Theme.Translucent.NoTitleBar" >
256-->[com.google.firebase:firebase-auth:21.2.0] AndroidManifest.xml:34:13-72
257            <intent-filter>
257-->[com.google.firebase:firebase-auth:21.2.0] AndroidManifest.xml:35:13-45:29